<?xml version="1.0" encoding="UTF-8"?>
<!-- Generated by org.testng.reporters.JUnitReportReporter -->
<testsuite skipped="0" hostname="Microsoft-PC" name="SPRINT1_Appeal_Create.AppealCreate_DataDrivenTest" tests="33" failures="0" timestamp="02 Dec 2017 12:58:06 GMT" time="155.657" errors="1">
  <testcase name="appealcreate_valid_test" time="0.002" classname="SPRINT1_Appeal_Create.AppealCreate_DataDrivenTest"/>
  <testcase name="appealcreate_valid_test" time="0.002" classname="SPRINT1_Appeal_Create.AppealCreate_DataDrivenTest"/>
  <testcase name="appealcreate_valid_test" time="0.003" classname="SPRINT1_Appeal_Create.AppealCreate_DataDrivenTest"/>
  <testcase name="appealcreate_valid_test" time="0.002" classname="SPRINT1_Appeal_Create.AppealCreate_DataDrivenTest"/>
  <testcase name="appealcreate_valid_test" time="0.002" classname="SPRINT1_Appeal_Create.AppealCreate_DataDrivenTest"/>
  <testcase name="appealcreate_valid_test" time="0.002" classname="SPRINT1_Appeal_Create.AppealCreate_DataDrivenTest"/>
  <testcase name="appealcreate_valid_test" time="0.003" classname="SPRINT1_Appeal_Create.AppealCreate_DataDrivenTest"/>
  <testcase name="appealcreate_valid_test" time="0.002" classname="SPRINT1_Appeal_Create.AppealCreate_DataDrivenTest"/>
  <testcase name="appealcreate_valid_test" time="0.003" classname="SPRINT1_Appeal_Create.AppealCreate_DataDrivenTest"/>
  <testcase name="appealcreate_valid_test" time="0.056" classname="SPRINT1_Appeal_Create.AppealCreate_DataDrivenTest"/>
  <testcase name="appealcreate_valid_test" time="0.003" classname="SPRINT1_Appeal_Create.AppealCreate_DataDrivenTest"/>
  <testcase name="appealcreate_valid_test" time="0.042" classname="SPRINT1_Appeal_Create.AppealCreate_DataDrivenTest"/>
  <testcase name="appealcreate_valid_test" time="0.025" classname="SPRINT1_Appeal_Create.AppealCreate_DataDrivenTest"/>
  <testcase name="appealcreate_valid_test" time="0.002" classname="SPRINT1_Appeal_Create.AppealCreate_DataDrivenTest"/>
  <testcase name="appealcreate_valid_test" time="0.001" classname="SPRINT1_Appeal_Create.AppealCreate_DataDrivenTest"/>
  <testcase name="appealcreate_valid_test" time="155.322" classname="SPRINT1_Appeal_Create.AppealCreate_DataDrivenTest">
    <error type="org.openqa.selenium.UnhandledAlertException" message="unexpected alert open: {Alert text : Fill all required fields}
  (Session info: chrome=62.0.3202.94)
  (Driver info: chromedriver=2.33.506120 (e3e53437346286c0bc2d2dc9aa4915ba81d9023f),platform=Windows NT 6.1.7601 SP1 x86_64) (WARNING: The server did not provide any stacktrace information)
Command duration or timeout: 0 milliseconds: null
Build info: version: &#039;unknown&#039;, revision: &#039;unknown&#039;, time: &#039;unknown&#039;
System info: host: &#039;MICROSOFT-PC&#039;, ip: &#039;10.238.88.23&#039;, os.name: &#039;Windows 7&#039;, os.arch: &#039;amd64&#039;, os.version: &#039;6.1&#039;, java.version: &#039;1.8.0_144&#039;
Driver info: org.openqa.selenium.chrome.ChromeDriver
Capabilities [{mobileEmulationEnabled=false, hasTouchScreen=false, platform=XP, acceptSslCerts=true, webStorageEnabled=true, browserName=chrome, takesScreenshot=true, javascriptEnabled=true, platformName=XP, setWindowRect=true, unexpectedAlertBehaviour=, applicationCacheEnabled=false, rotatable=false, networkConnectionEnabled=false, chrome={chromedriverVersion=2.33.506120 (e3e53437346286c0bc2d2dc9aa4915ba81d9023f), userDataDir=C:\Users\MICROS~1\AppData\Local\Temp\scoped_dir7612_4984}, takesHeapSnapshot=true, pageLoadStrategy=normal, unhandledPromptBehavior=, databaseEnabled=false, handlesAlerts=true, version=62.0.3202.94, browserConnectionEnabled=false, nativeEvents=true, locationContextEnabled=true, cssSelectorsEnabled=true}]
Session ID: e0ee79d7f2377640d1d2abe3edc975f5
*** Element info: {Using=xpath, value=/html/body/div/div[1]/div/div/div[1]/div/div[2]/h6}">
      <![CDATA[org.openqa.selenium.UnhandledAlertException: unexpected alert open: {Alert text : Fill all required fields}
  (Session info: chrome=62.0.3202.94)
  (Driver info: chromedriver=2.33.506120 (e3e53437346286c0bc2d2dc9aa4915ba81d9023f),platform=Windows NT 6.1.7601 SP1 x86_64) (WARNING: The server did not provide any stacktrace information)
Command duration or timeout: 0 milliseconds: null
Build info: version: 'unknown', revision: 'unknown', time: 'unknown'
System info: host: 'MICROSOFT-PC', ip: '10.238.88.23', os.name: 'Windows 7', os.arch: 'amd64', os.version: '6.1', java.version: '1.8.0_144'
Driver info: org.openqa.selenium.chrome.ChromeDriver
Capabilities [{mobileEmulationEnabled=false, hasTouchScreen=false, platform=XP, acceptSslCerts=true, webStorageEnabled=true, browserName=chrome, takesScreenshot=true, javascriptEnabled=true, platformName=XP, setWindowRect=true, unexpectedAlertBehaviour=, applicationCacheEnabled=false, rotatable=false, networkConnectionEnabled=false, chrome={chromedriverVersion=2.33.506120 (e3e53437346286c0bc2d2dc9aa4915ba81d9023f), userDataDir=C:\Users\MICROS~1\AppData\Local\Temp\scoped_dir7612_4984}, takesHeapSnapshot=true, pageLoadStrategy=normal, unhandledPromptBehavior=, databaseEnabled=false, handlesAlerts=true, version=62.0.3202.94, browserConnectionEnabled=false, nativeEvents=true, locationContextEnabled=true, cssSelectorsEnabled=true}]
Session ID: e0ee79d7f2377640d1d2abe3edc975f5
*** Element info: {Using=xpath, value=/html/body/div/div[1]/div/div/div[1]/div/div[2]/h6}
	at sun.reflect.NativeConstructorAccessorImpl.newInstance0(Native Method)
	at sun.reflect.NativeConstructorAccessorImpl.newInstance(Unknown Source)
	at sun.reflect.DelegatingConstructorAccessorImpl.newInstance(Unknown Source)
	at java.lang.reflect.Constructor.newInstance(Unknown Source)
	at org.openqa.selenium.remote.ErrorHandler.createThrowable(ErrorHandler.java:215)
	at org.openqa.selenium.remote.ErrorHandler.throwIfResponseFailed(ErrorHandler.java:173)
	at org.openqa.selenium.remote.http.JsonHttpResponseCodec.reconstructValue(JsonHttpResponseCodec.java:40)
	at org.openqa.selenium.remote.http.AbstractHttpResponseCodec.decode(AbstractHttpResponseCodec.java:82)
	at org.openqa.selenium.remote.http.AbstractHttpResponseCodec.decode(AbstractHttpResponseCodec.java:45)
	at org.openqa.selenium.remote.HttpCommandExecutor.execute(HttpCommandExecutor.java:164)
	at org.openqa.selenium.remote.service.DriverCommandExecutor.execute(DriverCommandExecutor.java:82)
	at org.openqa.selenium.remote.RemoteWebDriver.execute(RemoteWebDriver.java:646)
	at org.openqa.selenium.remote.RemoteWebDriver.findElement(RemoteWebDriver.java:416)
	at org.openqa.selenium.remote.RemoteWebDriver.findElementByXPath(RemoteWebDriver.java:518)
	at org.openqa.selenium.By$ByXPath.findElement(By.java:361)
	at org.openqa.selenium.remote.RemoteWebDriver.findElement(RemoteWebDriver.java:408)
	at SPRINT1_Appeal_Create.AppealCreate.valid_AppealCreate(AppealCreate.java:671)
	at SPRINT1_Appeal_Create.AppealCreate_DataDrivenTest.appealcreate_valid_test(AppealCreate_DataDrivenTest.java:58)
	at sun.reflect.GeneratedMethodAccessor2.invoke(Unknown Source)
	at sun.reflect.DelegatingMethodAccessorImpl.invoke(Unknown Source)
	at java.lang.reflect.Method.invoke(Unknown Source)
	at org.testng.internal.MethodInvocationHelper.invokeMethod(MethodInvocationHelper.java:108)
	at org.testng.internal.Invoker.invokeMethod(Invoker.java:669)
	at org.testng.internal.Invoker.invokeTestMethod(Invoker.java:877)
	at org.testng.internal.Invoker.invokeTestMethods(Invoker.java:1201)
	at org.testng.internal.TestMethodWorker.invokeTestMethods(TestMethodWorker.java:125)
	at org.testng.internal.TestMethodWorker.run(TestMethodWorker.java:109)
	at org.testng.TestRunner.privateRun(TestRunner.java:776)
	at org.testng.TestRunner.run(TestRunner.java:634)
	at org.testng.SuiteRunner.runTest(SuiteRunner.java:425)
	at org.testng.SuiteRunner.runSequentially(SuiteRunner.java:420)
	at org.testng.SuiteRunner.privateRun(SuiteRunner.java:385)
	at org.testng.SuiteRunner.run(SuiteRunner.java:334)
	at org.testng.SuiteRunnerWorker.runSuite(SuiteRunnerWorker.java:52)
	at org.testng.SuiteRunnerWorker.run(SuiteRunnerWorker.java:86)
	at org.testng.TestNG.runSuitesSequentially(TestNG.java:1318)
	at org.testng.TestNG.runSuitesLocally(TestNG.java:1243)
	at org.testng.TestNG.runSuites(TestNG.java:1161)
	at org.testng.TestNG.run(TestNG.java:1129)
	at org.testng.remote.AbstractRemoteTestNG.run(AbstractRemoteTestNG.java:114)
	at org.testng.remote.RemoteTestNG.initAndRun(RemoteTestNG.java:251)
	at org.testng.remote.RemoteTestNG.main(RemoteTestNG.java:77)
]]>
    </error>
  </testcase> <!-- appealcreate_valid_test -->
  <testcase name="appealcreate_valid_test" time="0.002" classname="SPRINT1_Appeal_Create.AppealCreate_DataDrivenTest"/>
  <testcase name="appealcreate_valid_test" time="0.001" classname="SPRINT1_Appeal_Create.AppealCreate_DataDrivenTest"/>
  <testcase name="appealcreate_valid_test" time="0.001" classname="SPRINT1_Appeal_Create.AppealCreate_DataDrivenTest"/>
  <testcase name="appealcreate_valid_test" time="0.001" classname="SPRINT1_Appeal_Create.AppealCreate_DataDrivenTest"/>
  <testcase name="appealcreate_valid_test" time="0.002" classname="SPRINT1_Appeal_Create.AppealCreate_DataDrivenTest"/>
  <testcase name="appealcreate_valid_test" time="0.003" classname="SPRINT1_Appeal_Create.AppealCreate_DataDrivenTest"/>
  <testcase name="appealcreate_valid_test" time="0.002" classname="SPRINT1_Appeal_Create.AppealCreate_DataDrivenTest"/>
  <testcase name="appealcreate_valid_test" time="0.102" classname="SPRINT1_Appeal_Create.AppealCreate_DataDrivenTest"/>
  <testcase name="appealcreate_valid_test" time="0.002" classname="SPRINT1_Appeal_Create.AppealCreate_DataDrivenTest"/>
  <testcase name="appealcreate_valid_test" time="0.046" classname="SPRINT1_Appeal_Create.AppealCreate_DataDrivenTest"/>
  <testcase name="appealcreate_valid_test" time="0.002" classname="SPRINT1_Appeal_Create.AppealCreate_DataDrivenTest"/>
  <testcase name="appealcreate_valid_test" time="0.013" classname="SPRINT1_Appeal_Create.AppealCreate_DataDrivenTest"/>
  <testcase name="appealcreate_valid_test" time="0.001" classname="SPRINT1_Appeal_Create.AppealCreate_DataDrivenTest"/>
  <testcase name="appealcreate_valid_test" time="0.001" classname="SPRINT1_Appeal_Create.AppealCreate_DataDrivenTest"/>
  <testcase name="appealcreate_valid_test" time="0.003" classname="SPRINT1_Appeal_Create.AppealCreate_DataDrivenTest"/>
  <testcase name="appealcreate_valid_test" time="0.002" classname="SPRINT1_Appeal_Create.AppealCreate_DataDrivenTest"/>
  <testcase name="appealcreate_valid_test" time="0.001" classname="SPRINT1_Appeal_Create.AppealCreate_DataDrivenTest"/>
</testsuite> <!-- SPRINT1_Appeal_Create.AppealCreate_DataDrivenTest -->
